<?xml version="1.0" encoding="UTF-8"?>
<!-- Generated by org.testng.reporters.JUnitReportReporter -->
<testsuite hostname="LAPTOP-G84QL9LV" failures="0" tests="2" name="tests.NTesting2" time="0.001" errors="0" timestamp="13 Apr 2021 03:26:21 GMT" skipped="0">
  <testcase classname="tests.NTesting2" name="test5" time="0.001"/>
  <testcase classname="tests.NTesting2" name="test4" time="0.000"/>
</testsuite> <!-- tests.NTesting2 -->
