<?xml version="1.0" encoding="UTF-8"?>
<!-- Generated by org.testng.reporters.JUnitReportReporter -->
<testsuite hostname="LAPTOP-G84QL9LV" failures="0" tests="4" name="tests.NTesting1" time="0.004" errors="0" timestamp="13 Apr 2021 03:26:21 GMT" skipped="0">
  <testcase classname="tests.NTesting1" name="f" time="0.002"/>
  <testcase classname="tests.NTesting1" name="test1" time="0.000"/>
  <testcase classname="tests.NTesting1" name="test2" time="0.000"/>
  <testcase classname="tests.NTesting1" name="f" time="0.002"/>
</testsuite> <!-- tests.NTesting1 -->
