<?xml version="1.0" encoding="UTF-8"?>
<!-- Generated by org.testng.reporters.JUnitReportReporter -->
<testsuite hostname="LAPTOP-G84QL9LV" failures="0" tests="3" name="tests.TDLogInTest" time="36.959" errors="0" timestamp="14 Apr 2021 02:44:49 GMT" skipped="0">
  <testcase classname="tests.TDLogInTest" name="logIn" time="12.800"/>
  <testcase classname="tests.TDLogInTest" name="emptyUserTest" time="11.616"/>
  <testcase classname="tests.TDLogInTest" name="emptyPassTest" time="12.543"/>
</testsuite> <!-- tests.TDLogInTest -->
